<?xml version="1.0" encoding="UTF-8"?>
<testsuite name="numberTest" tests="5" skipped="0" failures="0" errors="0" timestamp="2021-11-15T17:29:53" hostname="MacBook-Air-de-Alfredo.local" time="4.269">
  <properties/>
  <testcase name="test five" classname="numberTest" time="0.033"/>
  <testcase name="test four" classname="numberTest" time="4.234"/>
  <testcase name="test one" classname="numberTest" time="0.0"/>
  <testcase name="test two" classname="numberTest" time="0.001"/>
  <testcase name="test there" classname="numberTest" time="0.0"/>
  <system-out><![CDATA[]]></system-out>
  <system-err><![CDATA[]]></system-err>
</testsuite>
